  main.cpp
C:\Users\User\source\repos\renderer\renderer\main.cpp(30,168): warning C4244: 'argument': conversion from 'float' to 'int', possible loss of data
C:\Users\User\source\repos\renderer\renderer\main.cpp(30,152): warning C4244: 'argument': conversion from 'float' to 'int', possible loss of data
  drawlist.cpp
C:\Users\User\source\repos\renderer\renderer\renderer\drawlist.cpp(113,98): warning C4267: '=': conversion from 'size_t' to 'uint16_t', possible loss of data
C:\Users\User\source\repos\renderer\renderer\renderer\drawlist.cpp(114,95): warning C4267: '=': conversion from 'size_t' to 'renderer::d3d9_index', possible loss of data
C:\Users\User\source\repos\renderer\renderer\renderer\drawlist.cpp(135,85): warning C4267: '=': conversion from 'size_t' to 'renderer::d3d9_index', possible loss of data
C:\Users\User\source\repos\renderer\renderer\renderer\drawlist.cpp(248,38): warning C4267: '=': conversion from 'size_t' to 'renderer::d3d9_index', possible loss of data
C:\Users\User\source\repos\renderer\renderer\renderer\drawlist.cpp(248,61): warning C4267: '=': conversion from 'size_t' to 'renderer::d3d9_index', possible loss of data
C:\Users\User\source\repos\renderer\renderer\renderer\drawlist.cpp(249,38): warning C4267: '=': conversion from 'size_t' to 'renderer::d3d9_index', possible loss of data
C:\Users\User\source\repos\renderer\renderer\renderer\drawlist.cpp(249,61): warning C4267: '=': conversion from 'size_t' to 'renderer::d3d9_index', possible loss of data
C:\Users\User\source\repos\renderer\renderer\renderer\drawlist.cpp(250,38): warning C4267: '=': conversion from 'size_t' to 'renderer::d3d9_index', possible loss of data
C:\Users\User\source\repos\renderer\renderer\renderer\drawlist.cpp(250,61): warning C4267: '=': conversion from 'size_t' to 'renderer::d3d9_index', possible loss of data
C:\Users\User\source\repos\renderer\renderer\renderer\drawlist.cpp(251,38): warning C4267: '=': conversion from 'size_t' to 'renderer::d3d9_index', possible loss of data
C:\Users\User\source\repos\renderer\renderer\renderer\drawlist.cpp(251,61): warning C4267: '=': conversion from 'size_t' to 'renderer::d3d9_index', possible loss of data
C:\Users\User\source\repos\renderer\renderer\renderer\drawlist.cpp(252,38): warning C4267: '=': conversion from 'size_t' to 'renderer::d3d9_index', possible loss of data
C:\Users\User\source\repos\renderer\renderer\renderer\drawlist.cpp(252,61): warning C4267: '=': conversion from 'size_t' to 'renderer::d3d9_index', possible loss of data
C:\Users\User\source\repos\renderer\renderer\renderer\drawlist.cpp(253,39): warning C4267: '=': conversion from 'size_t' to 'renderer::d3d9_index', possible loss of data
C:\Users\User\source\repos\renderer\renderer\renderer\drawlist.cpp(253,63): warning C4267: '=': conversion from 'size_t' to 'renderer::d3d9_index', possible loss of data
C:\Users\User\source\repos\renderer\renderer\renderer\drawlist.cpp(348,38): warning C4267: '=': conversion from 'size_t' to 'renderer::d3d9_index', possible loss of data
C:\Users\User\source\repos\renderer\renderer\renderer\drawlist.cpp(348,61): warning C4267: '=': conversion from 'size_t' to 'renderer::d3d9_index', possible loss of data
C:\Users\User\source\repos\renderer\renderer\renderer\drawlist.cpp(349,38): warning C4267: '=': conversion from 'size_t' to 'renderer::d3d9_index', possible loss of data
C:\Users\User\source\repos\renderer\renderer\renderer\drawlist.cpp(349,61): warning C4267: '=': conversion from 'size_t' to 'renderer::d3d9_index', possible loss of data
C:\Users\User\source\repos\renderer\renderer\renderer\drawlist.cpp(350,38): warning C4267: '=': conversion from 'size_t' to 'renderer::d3d9_index', possible loss of data
C:\Users\User\source\repos\renderer\renderer\renderer\drawlist.cpp(350,61): warning C4267: '=': conversion from 'size_t' to 'renderer::d3d9_index', possible loss of data
C:\Users\User\source\repos\renderer\renderer\renderer\drawlist.cpp(351,38): warning C4267: '=': conversion from 'size_t' to 'renderer::d3d9_index', possible loss of data
C:\Users\User\source\repos\renderer\renderer\renderer\drawlist.cpp(351,61): warning C4267: '=': conversion from 'size_t' to 'renderer::d3d9_index', possible loss of data
C:\Users\User\source\repos\renderer\renderer\renderer\drawlist.cpp(352,38): warning C4267: '=': conversion from 'size_t' to 'renderer::d3d9_index', possible loss of data
C:\Users\User\source\repos\renderer\renderer\renderer\drawlist.cpp(352,61): warning C4267: '=': conversion from 'size_t' to 'renderer::d3d9_index', possible loss of data
C:\Users\User\source\repos\renderer\renderer\renderer\drawlist.cpp(353,39): warning C4267: '=': conversion from 'size_t' to 'renderer::d3d9_index', possible loss of data
C:\Users\User\source\repos\renderer\renderer\renderer\drawlist.cpp(353,63): warning C4267: '=': conversion from 'size_t' to 'renderer::d3d9_index', possible loss of data
C:\Users\User\source\repos\renderer\renderer\renderer\drawlist.cpp(354,39): warning C4267: '=': conversion from 'size_t' to 'renderer::d3d9_index', possible loss of data
C:\Users\User\source\repos\renderer\renderer\renderer\drawlist.cpp(354,63): warning C4267: '=': conversion from 'size_t' to 'renderer::d3d9_index', possible loss of data
C:\Users\User\source\repos\renderer\renderer\renderer\drawlist.cpp(355,39): warning C4267: '=': conversion from 'size_t' to 'renderer::d3d9_index', possible loss of data
C:\Users\User\source\repos\renderer\renderer\renderer\drawlist.cpp(355,63): warning C4267: '=': conversion from 'size_t' to 'renderer::d3d9_index', possible loss of data
C:\Users\User\source\repos\renderer\renderer\renderer\drawlist.cpp(356,39): warning C4267: '=': conversion from 'size_t' to 'renderer::d3d9_index', possible loss of data
C:\Users\User\source\repos\renderer\renderer\renderer\drawlist.cpp(356,63): warning C4267: '=': conversion from 'size_t' to 'renderer::d3d9_index', possible loss of data
C:\Users\User\source\repos\renderer\renderer\renderer\drawlist.cpp(391,36): warning C4267: '=': conversion from 'size_t' to 'renderer::d3d9_index', possible loss of data
C:\Users\User\source\repos\renderer\renderer\renderer\drawlist.cpp(391,61): warning C4267: '=': conversion from 'size_t' to 'renderer::d3d9_index', possible loss of data
C:\Users\User\source\repos\renderer\renderer\renderer\drawlist.cpp(391,86): warning C4267: '=': conversion from 'size_t' to 'renderer::d3d9_index', possible loss of data
C:\Users\User\source\repos\renderer\renderer\renderer\drawlist.cpp(392,36): warning C4267: '=': conversion from 'size_t' to 'renderer::d3d9_index', possible loss of data
C:\Users\User\source\repos\renderer\renderer\renderer\drawlist.cpp(392,61): warning C4267: '=': conversion from 'size_t' to 'renderer::d3d9_index', possible loss of data
C:\Users\User\source\repos\renderer\renderer\renderer\drawlist.cpp(392,86): warning C4267: '=': conversion from 'size_t' to 'renderer::d3d9_index', possible loss of data
C:\Users\User\source\repos\renderer\renderer\renderer\drawlist.cpp(178,16): warning C4101: 'size': unreferenced local variable
  renderer.cpp
  Generating Code...
  renderer.vcxproj -> C:\Users\User\source\repos\renderer\bin\debug\renderer.exe
